<?xml version="1.0" encoding="UTF-8"?>
<testng-results ignored="0" total="1" passed="1" failed="0" skipped="0">
  <reporter-output>
  </reporter-output>
  <suite started-at="2022-09-29T13:31:43 IST" name="Default suite" finished-at="2022-09-29T13:31:43 IST" duration-ms="385">
    <groups>
    </groups>
    <test started-at="2022-09-29T13:31:43 IST" name="Default test" finished-at="2022-09-29T13:31:43 IST" duration-ms="385">
      <class name="ExcelReader.DataRead">
        <test-method signature="validateFlightSearch(java.lang.String,java.lang.String,java.lang.String,java.lang.String,java.lang.String)[pri:0, instance:ExcelReader.DataRead@be64738]" started-at="2022-09-29T13:31:43 IST" name="validateFlightSearch" data-provider="getCRMTestData" finished-at="2022-09-29T13:31:43 IST" duration-ms="11" status="PASS">
          <params>
            <param index="0">
              <value>
                <![CDATA[Ahmedabad]]>
              </value>
            </param>
            <param index="1">
              <value>
                <![CDATA[Pune]]>
              </value>
            </param>
            <param index="2">
              <value>
                <![CDATA[2.0]]>
              </value>
            </param>
            <param index="3">
              <value>
                <![CDATA[1.0]]>
              </value>
            </param>
            <param index="4">
              <value>
                <![CDATA[1.0]]>
              </value>
            </param>
          </params>
          <reporter-output>
          </reporter-output>
        </test-method> <!-- validateFlightSearch -->
      </class> <!-- ExcelReader.DataRead -->
    </test> <!-- Default test -->
  </suite> <!-- Default suite -->
</testng-results>
